[00:14:19] [ServerMain/INFO]: Environment: Environment[sessionHost=https://sessionserver.mojang.com, servicesHost=https://api.minecraftservices.com, name=PROD]
[00:14:20] [ServerMain/INFO]: Loaded 7 recipes
[00:14:20] [ServerMain/INFO]: Loaded 1271 advancements
[00:14:21] [Server thread/INFO]: Starting minecraft server version 1.20.4
[00:14:21] [Server thread/INFO]: Loading properties
[00:14:21] [Server thread/INFO]: Default game type: SURVIVAL
[00:14:21] [Server thread/INFO]: Generating keypair
[00:14:21] [Server console handler/ERROR]: Exception handling console input
java.io.IOException: Nieprawid³owe dojœcie
	at java.io.FileInputStream.readBytes(Native Method) ~[?:?]
	at java.io.FileInputStream.read(FileInputStream.java:276) ~[?:?]
	at java.io.BufferedInputStream.read1(BufferedInputStream.java:282) ~[?:?]
	at java.io.BufferedInputStream.read(BufferedInputStream.java:343) ~[?:?]
	at sun.nio.cs.StreamDecoder.readBytes(StreamDecoder.java:270) ~[?:?]
	at sun.nio.cs.StreamDecoder.implRead(StreamDecoder.java:313) ~[?:?]
	at sun.nio.cs.StreamDecoder.read(StreamDecoder.java:188) ~[?:?]
	at java.io.InputStreamReader.read(InputStreamReader.java:177) ~[?:?]
	at java.io.BufferedReader.fill(BufferedReader.java:162) ~[?:?]
	at java.io.BufferedReader.readLine(BufferedReader.java:329) ~[?:?]
	at java.io.BufferedReader.readLine(BufferedReader.java:396) ~[?:?]
	at ama$1.run(SourceFile:89) ~[server-1.20.4.jar:?]
[00:14:21] [Server thread/INFO]: Starting Minecraft server on *:25565
[00:14:21] [Server thread/INFO]: Using default channel type
[00:14:21] [Server thread/INFO]: Preparing level "world"
[00:14:22] [Server thread/INFO]: Preparing start region for dimension minecraft:overworld
[00:14:23] [Worker-Main-4/INFO]: Preparing spawn area: 0%
[00:14:23] [Worker-Main-2/INFO]: Preparing spawn area: 0%
[00:14:23] [Worker-Main-11/INFO]: Preparing spawn area: 0%
[00:14:23] [Worker-Main-5/INFO]: Preparing spawn area: 0%
[00:14:24] [Worker-Main-5/INFO]: Preparing spawn area: 0%
[00:14:24] [Worker-Main-8/INFO]: Preparing spawn area: 0%
[00:14:25] [Worker-Main-11/INFO]: Preparing spawn area: 68%
[00:14:25] [Server thread/INFO]: Time elapsed: 3132 ms
[00:14:25] [Server thread/INFO]: Done (3.967s)! For help, type "help"
[00:15:18] [User Authenticator #1/INFO]: UUID of player Michuson16 is dcf1fbbd-3753-48d4-8142-d7c33f15810f
[00:15:18] [Server thread/INFO]: Michuson16[/127.205.160.83:56814] logged in with entity id 300 at (-90.05614664926878, 66.0, -287.29702027942136)
[00:15:18] [Server thread/INFO]: Michuson16 joined the game
[02:07:32] [Server thread/INFO]: Michuson16 lost connection: Disconnected
[02:07:32] [Server thread/INFO]: Michuson16 left the game
[02:07:42] [Server thread/INFO]: Stopping the server
[02:07:42] [Server thread/INFO]: Stopping server
[02:07:42] [Server thread/INFO]: Saving players
[02:07:42] [Server thread/INFO]: Saving worlds
[02:07:43] [Server thread/INFO]: Saving chunks for level 'ServerLevel[world]'/minecraft:overworld
[02:07:43] [Server thread/INFO]: Saving chunks for level 'ServerLevel[world]'/minecraft:the_nether
[02:07:43] [Server thread/INFO]: Saving chunks for level 'ServerLevel[world]'/minecraft:the_end
[02:07:43] [Server thread/INFO]: ThreadedAnvilChunkStorage (world): All chunks are saved
[02:07:43] [Server thread/INFO]: ThreadedAnvilChunkStorage (DIM-1): All chunks are saved
[02:07:43] [Server thread/INFO]: ThreadedAnvilChunkStorage (DIM1): All chunks are saved
[02:07:43] [Server thread/INFO]: ThreadedAnvilChunkStorage: All dimensions are saved
